<?xml version="1.0" encoding="UTF-8"?>
<testng-results skipped="0" failed="0" ignored="0" total="1" passed="1">
  <reporter-output>
  </reporter-output>
  <suite name="Default suite" duration-ms="112" started-at="2018-03-25T13:35:27Z" finished-at="2018-03-25T13:35:27Z">
    <groups>
    </groups>
    <test name="Default test" duration-ms="112" started-at="2018-03-25T13:35:27Z" finished-at="2018-03-25T13:35:27Z">
      <class name="gitpackage.Git1">
        <test-method status="PASS" signature="hellogit()[pri:0, instance:gitpackage.Git1@6cc4c815]" name="hellogit" duration-ms="29" started-at="2018-03-25T13:35:27Z" finished-at="2018-03-25T13:35:27Z">
          <reporter-output>
          </reporter-output>
        </test-method> <!-- hellogit -->
      </class> <!-- gitpackage.Git1 -->
    </test> <!-- Default test -->
  </suite> <!-- Default suite -->
</testng-results>
